--- Log registrado en: /Users/cagostino/Documents/GitHub/doft-study01-superconductors/data/processed/run2/run_master_pipeline_20251114_232924.log ---
============================================
     ¡MODO 'RUN ALL' ACTIVADO!     
Se ejecutarán todas las combinaciones predefinidas.
============================================
Comando Python:   python3
Archivo de entrada: /Users/cagostino/Documents/GitHub/doft-study01-superconductors/data/raw/materials_clusters_real_v6.csv
Directorio base de resultados: /Users/cagostino/Documents/GitHub/doft-study01-superconductors/data/processed/run2
Valores Winsor:   [400.0, 600.0, 800.0]
Valores Prime:    [10000, 7919]
Valores Jitter:   [5.0, 10.0]
Jitter N-Runs:    500
--------------------------------------------


--- FASE 1: INICIANDO ANÁLISIS DE ROBUSTEZ (Workflow Completo) ---
Se ejecutarán 6 pipelines de robustez (de 5 pasos c/u)...
=====================================================
   INICIANDO PIPELINE ROBUSTEZ (W=400.0, P=10000)   
=====================================================
--- Resultados detectados para w400_p10000. Saltando pipeline completo. ---
=====================================================
   INICIANDO PIPELINE ROBUSTEZ (W=400.0, P=7919)   
=====================================================
--- Resultados detectados para w400_p7919. Saltando pipeline completo. ---
=====================================================
   INICIANDO PIPELINE ROBUSTEZ (W=600.0, P=10000)   
=====================================================
--- Resultados detectados para w600_p10000. Saltando pipeline completo. ---
=====================================================
   INICIANDO PIPELINE ROBUSTEZ (W=600.0, P=7919)   
=====================================================
--- Resultados detectados para w600_p7919. Saltando pipeline completo. ---
=====================================================
   INICIANDO PIPELINE ROBUSTEZ (W=800.0, P=10000)   
=====================================================
--- Resultados detectados para w800_p10000. Saltando pipeline completo. ---
=====================================================
   INICIANDO PIPELINE ROBUSTEZ (W=800.0, P=7919)   
=====================================================
--- Resultados detectados para w800_p7919. Saltando pipeline completo. ---


--- FASE 2: INICIANDO ANÁLISIS DE SENSIBILIDAD ---
--- 'doft_config.json' ya existe. Usando como base para Jitter. ---
Se ejecutarán 4 pipelines de sensibilidad...
=====================================================
   INICIANDO PIPELINE SENSIBILIDAD (J=5.0%, P=10000)   
=====================================================

[... Paso S: Jittering (J=5.0, P=10000) ...]
python3 /Users/cagostino/Documents/GitHub/doft-study01-superconductors/src/doftstudy/run_sensitivity.py -i /Users/cagostino/Documents/GitHub/doft-study01-superconductors/data/raw/materials_clusters_real_v6.csv -n 500 -j 5.0 --prime_max_val 10000 --output_dir /Users/cagostino/Documents/GitHub/doft-study01-superconductors/data/processed/run2/sensitivity
--- Salida Estándar (stdout): ---
--- Iniciando Análisis de Sensibilidad ---
Archivo de entrada: /Users/cagostino/Documents/GitHub/doft-study01-superconductors/data/raw/materials_clusters_real_v6.csv
Iteraciones:        500
Jitter:             +/- 5.0%
Prime Max Val:      10000
------------------------------------------

Ejecutando 500 simulaciones de Monte Carlo (Jittering)...

--- Resultados del Análisis de Sensibilidad (Jitter) ---

Material: LaH10
  Kappa (κ) [N=500]:
    Media:   0.002181
    StdDev:  0.003718
    95% CI:  [0, 0.01299]
  C_AB [N=500]:
    Media:   2.0210
    StdDev:  0.2923
    95% CI:  [1.4960, 2.6085]

Material: MgB2
  Kappa (κ) [N=500]:
    Media:   0.007043
    StdDev:  0.02815
    95% CI:  [0, 0.04106]
  C_AB [N=500]:
    Media:   1.6639
    StdDev:  1.0854
    95% CI:  [0.0719, 3.7980]

Material: 2H-NbSe2
  Kappa (κ) [N=500]:
    Media:   0.01552
    StdDev:  0.1087
    95% CI:  [0, 0.06115]
  C_AB [N=500]:
    Media:   1.2456
    StdDev:  0.9519
    95% CI:  [0.0465, 3.3551]

Material: FeSe
  Kappa (κ) [N=500]:
    Media:   0.0009468
    StdDev:  0.004027
    95% CI:  [0, 0.009234]
  C_AB [N=500]:
    Media:   1.3671
    StdDev:  0.9667
    95% CI:  [0.0551, 3.6681]

Material: Helium-3 (He-3) B-phase
  Kappa (κ) [N=500]:
    Media:   0
    StdDev:  0
    95% CI:  [0, 0]
  C_AB [N=500]:
    Media:   197.3432
    StdDev:  94.8141
    95% CI:  [29.5237, 383.2842]

Material: Helium-4 (He-4)
  Kappa (κ) [N=500]:
    Media:   0.05143
    StdDev:  0.2549
    95% CI:  [0, 0.4249]
  C_AB [N=500]:
    Media:   0.1848
    StdDev:  0.1380
    95% CI:  [0.0102, 0.5277]

--- Resumen de sensibilidad guardado en: /Users/cagostino/Documents/GitHub/doft-study01-superconductors/data/processed/run2/sensitivity/sensitivity_j5p0_p10000.csv ---

--- Limpiando archivos temporales ---

--- ¡Análisis de Sensibilidad Completo! ---

--- Salida de Error (stderr): ---

Simulaciones:   0%|          | 0/500 [00:00<?, ?it/s]
Simulaciones:   0%|          | 1/500 [00:01<14:50,  1.79s/it]
Simulaciones:   0%|          | 2/500 [00:03<12:56,  1.56s/it]
Simulaciones:   1%|          | 3/500 [00:04<11:43,  1.41s/it]
Simulaciones:   1%|          | 4/500 [00:05<11:36,  1.40s/it]
Simulaciones:   1%|          | 5/500 [00:07<11:04,  1.34s/it]
Simulaciones:   1%|          | 6/500 [00:08<11:15,  1.37s/it]
Simulaciones:   1%|▏         | 7/500 [00:09<10:59,  1.34s/it]
Simulaciones:   2%|▏         | 8/500 [00:11<10:49,  1.32s/it]
Simulaciones:   2%|▏         | 9/500 [00:12<10:39,  1.30s/it]
Simulaciones:   2%|▏         | 10/500 [00:14<14:09,  1.73s/it]
Simulaciones:   2%|▏         | 11/500 [00:16<13:40,  1.68s/it]
Simulaciones:   2%|▏         | 12/500 [00:18<13:21,  1.64s/it]
Simulaciones:   3%|▎         | 13/500 [00:19<13:05,  1.61s/it]
Simulaciones:   3%|▎         | 14/500 [00:21<12:47,  1.58s/it]
Simulaciones:   3%|▎         | 15/500 [00:22<12:05,  1.50s/it]
Simulaciones:   3%|▎         | 16/500 [00:23<11:44,  1.46s/it]
Simulaciones:   3%|▎         | 17/500 [00:25<11:42,  1.45s/it]
Simulaciones:   4%|▎         | 18/500 [00:26<11:39,  1.45s/it]
Simulaciones:   4%|▍         | 19/500 [00:28<11:32,  1.44s/it]
Simulaciones:   4%|▍         | 20/500 [00:29<11:11,  1.40s/it]
Simulaciones:   4%|▍         | 21/500 [00:30<10:55,  1.37s/it]
Simulaciones:   4%|▍         | 22/500 [00:32<10:51,  1.36s/it]
Simulaciones:   5%|▍         | 23/500 [00:33<10:58,  1.38s/it]
Simulaciones:   5%|▍         | 24/500 [00:34<10:55,  1.38s/it]
Simulaciones:   5%|▌         | 25/500 [00:36<10:49,  1.37s/it]
Simulaciones:   5%|▌         | 26/500 [00:37<10:50,  1.37s/it]
Simulaciones:   5%|▌         | 27/500 [00:38<10:45,  1.36s/it]
Simulaciones:   6%|▌         | 28/500 [00:40<10:48,  1.37s/it]
Simulaciones:   6%|▌         | 29/500 [00:41<10:31,  1.34s/it]
Simulaciones:   6%|▌         | 30/500 [00:42<10:35,  1.35s/it]
Simulaciones:   6%|▌         | 31/500 [00:44<10:44,  1.37s/it]
Simulaciones:   6%|▋         | 32/500 [00:45<10:35,  1.36s/it]
Simulaciones:   7%|▋         | 33/500 [00:46<10:18,  1.32s/it]
Simulaciones:   7%|▋         | 34/500 [00:48<10:09,  1.31s/it]
Simulaciones:   7%|▋         | 35/500 [00:49<10:12,  1.32s/it]
Simulaciones:   7%|▋         | 36/500 [00:51<10:56,  1.42s/it]
Simulaciones:   7%|▋         | 37/500 [00:52<11:00,  1.43s/it]
Simulaciones:   8%|▊         | 38/500 [00:53<10:40,  1.39s/it]
Simulaciones:   8%|▊         | 39/500 [00:55<10:41,  1.39s/it]
Simulaciones:   8%|▊         | 40/500 [00:56<11:05,  1.45s/it]
Simulaciones:   8%|▊         | 41/500 [00:58<10:55,  1.43s/it]
Simulaciones:   8%|▊         | 42/500 [00:59<10:42,  1.40s/it]
Simulaciones:   9%|▊         | 43/500 [01:00<10:25,  1.37s/it]
Simulaciones:   9%|▉         | 44/500 [01:02<10:12,  1.34s/it]
Simulaciones:   9%|▉         | 45/500 [01:03<10:14,  1.35s/it]
Simulaciones:   9%|▉         | 46/500 [01:04<10:03,  1.33s/it]
Simulaciones:   9%|▉         | 47/500 [01:06<09:59,  1.32s/it]
Simulaciones:  10%|▉         | 48/500 [01:07<09:56,  1.32s/it]
Simulaciones:  10%|▉         | 49/500 [01:08<09:56,  1.32s/it]
Simulaciones:  10%|█         | 50/500 [01:10<09:54,  1.32s/it]
Simulaciones:  10%|█         | 51/500 [01:11<09:56,  1.33s/it]
Simulaciones:  10%|█         | 52/500 [01:13<10:27,  1.40s/it]
Simulaciones:  11%|█         | 53/500 [01:14<10:14,  1.38s/it]
Simulaciones:  11%|█         | 54/500 [01:15<10:05,  1.36s/it]
Simulaciones:  11%|█         | 55/500 [01:17<10:07,  1.37s/it]
Simulaciones:  11%|█         | 56/500 [01:18<10:15,  1.39s/it]
Simulaciones:  11%|█▏        | 57/500 [01:19<10:15,  1.39s/it]
Simulaciones:  12%|█▏        | 58/500 [01:21<10:11,  1.38s/it]
Simulaciones:  12%|█▏        | 59/500 [01:22<10:04,  1.37s/it]
Simulaciones:  12%|█▏        | 60/500 [01:24<10:02,  1.37s/it]
Simulaciones:  12%|█▏        | 61/500 [01:25<10:26,  1.43s/it]
Simulaciones:  12%|█▏        | 62/500 [01:27<10:29,  1.44s/it]
Simulaciones:  13%|█▎        | 63/500 [01:28<10:16,  1.41s/it]
Simulaciones:  13%|█▎        | 64/500 [01:29<09:55,  1.37s/it]
Simulaciones:  13%|█▎        | 65/500 [01:31<10:08,  1.40s/it]
Simulaciones:  13%|█▎        | 66/500 [01:32<10:16,  1.42s/it]
Simulaciones:  13%|█▎        | 67/500 [01:33<10:07,  1.40s/it]
Simulaciones:  14%|█▎        | 68/500 [01:35<10:07,  1.41s/it]
Simulaciones:  14%|█▍        | 69/500 [01:36<10:19,  1.44s/it]
Simulaciones:  14%|█▍        | 70/500 [01:38<10:00,  1.40s/it]
Simulaciones:  14%|█▍        | 71/500 [01:39<09:53,  1.38s/it]
Simulaciones:  14%|█▍        | 72/500 [01:40<09:45,  1.37s/it]
Simulaciones:  15%|█▍        | 73/500 [01:42<09:56,  1.40s/it]
Simulaciones:  15%|█▍        | 74/500 [01:43<09:45,  1.37s/it]
Simulaciones:  15%|█▌        | 75/500 [01:44<09:39,  1.36s/it]
Simulaciones:  15%|█▌        | 76/500 [01:46<09:32,  1.35s/it]
Simulaciones:  15%|█▌        | 77/500 [01:47<09:39,  1.37s/it]
Simulaciones:  16%|█▌        | 78/500 [01:49<09:44,  1.39s/it]
Simulaciones:  16%|█▌        | 79/500 [01:50<09:35,  1.37s/it]
Simulaciones:  16%|█▌        | 80/500 [01:51<09:36,  1.37s/it]
Simulaciones:  16%|█▌        | 81/500 [01:53<09:39,  1.38s/it]
Simulaciones:  16%|█▋        | 82/500 [01:54<10:13,  1.47s/it]
Simulaciones:  17%|█▋        | 83/500 [01:56<10:32,  1.52s/it]
Simulaciones:  17%|█▋        | 84/500 [01:58<10:55,  1.58s/it]
Simulaciones:  17%|█▋        | 85/500 [01:59<10:41,  1.55s/it]
Simulaciones:  17%|█▋        | 86/500 [02:01<10:37,  1.54s/it]
Simulaciones:  17%|█▋        | 87/500 [02:02<10:24,  1.51s/it]
Simulaciones:  18%|█▊        | 88/500 [02:04<10:14,  1.49s/it]
Simulaciones:  18%|█▊        | 89/500 [02:05<10:00,  1.46s/it]
Simulaciones:  18%|█▊        | 90/500 [02:06<09:36,  1.41s/it]
Simulaciones:  18%|█▊        | 91/500 [02:08<09:16,  1.36s/it]
Simulaciones:  18%|█▊        | 92/500 [02:09<08:59,  1.32s/it]
Simulaciones:  19%|█▊        | 93/500 [02:10<09:12,  1.36s/it]
Simulaciones:  19%|█▉        | 94/500 [02:12<09:12,  1.36s/it]
Simulaciones:  19%|█▉        | 95/500 [02:13<09:16,  1.37s/it]
Simulaciones:  19%|█▉        | 96/500 [02:14<09:11,  1.36s/it]
Simulaciones:  19%|█▉        | 97/500 [02:16<09:04,  1.35s/it]
Simulaciones:  20%|█▉        | 98/500 [02:17<09:01,  1.35s/it]
Simulaciones:  20%|█▉        | 99/500 [02:18<09:07,  1.36s/it]
Simulaciones:  20%|██        | 100/500 [02:20<09:09,  1.37s/it]
Simulaciones:  20%|██        | 101/500 [02:21<09:17,  1.40s/it]
Simulaciones:  20%|██        | 102/500 [02:23<09:43,  1.47s/it]
Simulaciones:  21%|██        | 103/500 [02:24<09:53,  1.50s/it]
Simulaciones:  21%|██        | 104/500 [02:26<10:00,  1.52s/it]
Simulaciones:  21%|██        | 105/500 [02:28<09:57,  1.51s/it]
Simulaciones:  21%|██        | 106/500 [02:29<09:55,  1.51s/it]
Simulaciones:  21%|██▏       | 107/500 [02:31<09:56,  1.52s/it]
Simulaciones:  22%|██▏       | 108/500 [02:32<09:52,  1.51s/it]
Simulaciones:  22%|██▏       | 109/500 [02:34<09:47,  1.50s/it]
Simulaciones:  22%|██▏       | 110/500 [02:35<09:45,  1.50s/it]
Simulaciones:  22%|██▏       | 111/500 [02:37<09:59,  1.54s/it]
Simulaciones:  22%|██▏       | 112/500 [02:38<09:34,  1.48s/it]
Simulaciones:  23%|██▎       | 113/500 [02:39<09:06,  1.41s/it]
Simulaciones:  23%|██▎       | 114/500 [02:41<08:48,  1.37s/it]
Simulaciones:  23%|██▎       | 115/500 [02:42<09:02,  1.41s/it]
Simulaciones:  23%|██▎       | 116/500 [02:43<08:59,  1.41s/it]
Simulaciones:  23%|██▎       | 117/500 [02:45<08:57,  1.40s/it]
Simulaciones:  24%|██▎       | 118/500 [02:46<08:38,  1.36s/it]
Simulaciones:  24%|██▍       | 119/500 [02:47<08:39,  1.36s/it]
Simulaciones:  24%|██▍       | 120/500 [02:49<08:42,  1.37s/it]
Simulaciones:  24%|██▍       | 121/500 [02:50<09:01,  1.43s/it]
Simulaciones:  24%|██▍       | 122/500 [02:52<09:02,  1.44s/it]
Simulaciones:  25%|██▍       | 123/500 [02:53<08:55,  1.42s/it]
Simulaciones:  25%|██▍       | 124/500 [02:55<09:30,  1.52s/it]
Simulaciones:  25%|██▌       | 125/500 [02:56<09:18,  1.49s/it]
Simulaciones:  25%|██▌       | 126/500 [02:58<09:28,  1.52s/it]
Simulaciones:  25%|██▌       | 127/500 [03:00<09:52,  1.59s/it]
Simulaciones:  26%|██▌       | 128/500 [03:02<10:07,  1.63s/it]
Simulaciones:  26%|██▌       | 129/500 [03:03<09:55,  1.61s/it]
Simulaciones:  26%|██▌       | 130/500 [03:05<09:39,  1.57s/it]
Simulaciones:  26%|██▌       | 131/500 [03:06<09:29,  1.54s/it]
Simulaciones:  26%|██▋       | 132/500 [03:08<09:22,  1.53s/it]
Simulaciones:  27%|██▋       | 133/500 [03:09<08:53,  1.45s/it]
Simulaciones:  27%|██▋       | 134/500 [03:10<08:34,  1.41s/it]
Simulaciones:  27%|██▋       | 135/500 [03:11<08:15,  1.36s/it]
Simulaciones:  27%|██▋       | 136/500 [03:13<08:19,  1.37s/it]
Simulaciones:  27%|██▋       | 137/500 [03:14<08:05,  1.34s/it]
Simulaciones:  28%|██▊       | 138/500 [03:15<07:53,  1.31s/it]
Simulaciones:  28%|██▊       | 139/500 [03:16<07:46,  1.29s/it]
Simulaciones:  28%|██▊       | 140/500 [03:18<07:41,  1.28s/it]
Simulaciones:  28%|██▊       | 141/500 [03:19<07:53,  1.32s/it]
Simulaciones:  28%|██▊       | 142/500 [03:20<07:46,  1.30s/it]
Simulaciones:  29%|██▊       | 143/500 [03:22<07:49,  1.32s/it]
Simulaciones:  29%|██▉       | 144/500 [03:23<07:40,  1.29s/it]
Simulaciones:  29%|██▉       | 145/500 [03:24<07:50,  1.33s/it]
Simulaciones:  29%|██▉       | 146/500 [03:26<07:52,  1.34s/it]
Simulaciones:  29%|██▉       | 147/500 [03:27<07:41,  1.31s/it]
Simulaciones:  30%|██▉       | 148/500 [03:28<07:45,  1.32s/it]
Simulaciones:  30%|██▉       | 149/500 [03:30<08:02,  1.37s/it]
Simulaciones:  30%|███       | 150/500 [03:31<07:56,  1.36s/it]
Simulaciones:  30%|███       | 151/500 [03:33<07:52,  1.35s/it]
Simulaciones:  30%|███       | 152/500 [03:34<07:53,  1.36s/it]
Simulaciones:  31%|███       | 153/500 [03:35<07:58,  1.38s/it]
Simulaciones:  31%|███       | 154/500 [03:37<08:06,  1.41s/it]
Simulaciones:  31%|███       | 155/500 [03:38<07:54,  1.37s/it]
Simulaciones:  31%|███       | 156/500 [03:39<07:51,  1.37s/it]
Simulaciones:  31%|███▏      | 157/500 [03:41<07:48,  1.37s/it]
Simulaciones:  32%|███▏      | 158/500 [03:42<07:44,  1.36s/it]
Simulaciones:  32%|███▏      | 159/500 [03:44<07:42,  1.36s/it]
Simulaciones:  32%|███▏      | 160/500 [03:45<07:43,  1.36s/it]
Simulaciones:  32%|███▏      | 161/500 [03:46<07:45,  1.37s/it]
Simulaciones:  32%|███▏      | 162/500 [03:48<08:07,  1.44s/it]
Simulaciones:  33%|███▎      | 163/500 [03:49<07:54,  1.41s/it]
Simulaciones:  33%|███▎      | 164/500 [03:51<07:47,  1.39s/it]
Simulaciones:  33%|███▎      | 165/500 [03:52<07:45,  1.39s/it]
Simulaciones:  33%|███▎      | 166/500 [03:53<07:40,  1.38s/it]
Simulaciones:  33%|███▎      | 167/500 [03:55<07:30,  1.35s/it]
Simulaciones:  34%|███▎      | 168/500 [03:56<07:28,  1.35s/it]
Simulaciones:  34%|███▍      | 169/500 [03:57<07:21,  1.33s/it]
Simulaciones:  34%|███▍      | 170/500 [03:59<07:24,  1.35s/it]
Simulaciones:  34%|███▍      | 171/500 [04:00<07:20,  1.34s/it]
Simulaciones:  34%|███▍      | 172/500 [04:01<07:14,  1.32s/it]
Simulaciones:  35%|███▍      | 173/500 [04:02<07:07,  1.31s/it]
Simulaciones:  35%|███▍      | 174/500 [04:04<07:21,  1.35s/it]
Simulaciones:  35%|███▌      | 175/500 [04:05<07:12,  1.33s/it]
Simulaciones:  35%|███▌      | 176/500 [04:07<07:07,  1.32s/it]
Simulaciones:  35%|███▌      | 177/500 [04:08<07:03,  1.31s/it]
Simulaciones:  36%|███▌      | 178/500 [04:09<07:09,  1.33s/it]
Simulaciones:  36%|███▌      | 179/500 [04:11<07:14,  1.36s/it]
Simulaciones:  36%|███▌      | 180/500 [04:12<07:05,  1.33s/it]
Simulaciones:  36%|███▌      | 181/500 [04:13<07:04,  1.33s/it]
Simulaciones:  36%|███▋      | 182/500 [04:14<06:58,  1.32s/it]
Simulaciones:  37%|███▋      | 183/500 [04:16<07:09,  1.36s/it]
Simulaciones:  37%|███▋      | 184/500 [04:17<06:58,  1.33s/it]
Simulaciones:  37%|███▋      | 185/500 [04:19<06:57,  1.32s/it]
Simulaciones:  37%|███▋      | 186/500 [04:20<06:53,  1.32s/it]
Simulaciones:  37%|███▋      | 187/500 [04:21<07:15,  1.39s/it]
Simulaciones:  38%|███▊      | 188/500 [04:23<07:06,  1.37s/it]
Simulaciones:  38%|███▊      | 189/500 [04:24<06:54,  1.33s/it]
Simulaciones:  38%|███▊      | 190/500 [04:25<06:44,  1.30s/it]
Simulaciones:  38%|███▊      | 191/500 [04:26<06:44,  1.31s/it]
Simulaciones:  38%|███▊      | 192/500 [04:28<06:55,  1.35s/it]
Simulaciones:  39%|███▊      | 193/500 [04:29<06:55,  1.35s/it]
Simulaciones:  39%|███▉      | 194/500 [04:31<07:11,  1.41s/it]
Simulaciones:  39%|███▉      | 195/500 [04:32<07:25,  1.46s/it]
Simulaciones:  39%|███▉      | 196/500 [04:34<07:28,  1.47s/it]
Simulaciones:  39%|███▉      | 197/500 [04:35<07:07,  1.41s/it]
Simulaciones:  40%|███▉      | 198/500 [04:36<06:55,  1.38s/it]
Simulaciones:  40%|███▉      | 199/500 [04:38<07:08,  1.42s/it]
Simulaciones:  40%|████      | 200/500 [04:39<07:05,  1.42s/it]
Simulaciones:  40%|████      | 201/500 [04:41<07:01,  1.41s/it]
Simulaciones:  40%|████      | 202/500 [04:42<07:13,  1.45s/it]
Simulaciones:  41%|████      | 203/500 [04:44<07:23,  1.49s/it]
Simulaciones:  41%|████      | 204/500 [04:45<07:19,  1.48s/it]
Simulaciones:  41%|████      | 205/500 [04:47<07:05,  1.44s/it]
Simulaciones:  41%|████      | 206/500 [04:48<06:50,  1.40s/it]
Simulaciones:  41%|████▏     | 207/500 [04:49<06:50,  1.40s/it]
Simulaciones:  42%|████▏     | 208/500 [04:51<06:40,  1.37s/it]
Simulaciones:  42%|████▏     | 209/500 [04:52<06:28,  1.33s/it]
Simulaciones:  42%|████▏     | 210/500 [04:53<06:16,  1.30s/it]
Simulaciones:  42%|████▏     | 211/500 [04:55<06:29,  1.35s/it]
Simulaciones:  42%|████▏     | 212/500 [04:56<06:41,  1.40s/it]
Simulaciones:  43%|████▎     | 213/500 [04:58<06:38,  1.39s/it]
Simulaciones:  43%|████▎     | 214/500 [04:59<06:38,  1.39s/it]
Simulaciones:  43%|████▎     | 215/500 [05:01<06:47,  1.43s/it]
Simulaciones:  43%|████▎     | 216/500 [05:02<07:00,  1.48s/it]
Simulaciones:  43%|████▎     | 217/500 [05:04<06:58,  1.48s/it]
Simulaciones:  44%|████▎     | 218/500 [05:05<06:53,  1.47s/it]
Simulaciones:  44%|████▍     | 219/500 [05:06<06:34,  1.40s/it]
Simulaciones:  44%|████▍     | 220/500 [05:08<06:21,  1.36s/it]
Simulaciones:  44%|████▍     | 221/500 [05:09<06:06,  1.31s/it]
Simulaciones:  44%|████▍     | 222/500 [05:10<06:07,  1.32s/it]
Simulaciones:  45%|████▍     | 223/500 [05:11<06:04,  1.32s/it]
Simulaciones:  45%|████▍     | 224/500 [05:13<06:07,  1.33s/it]
Simulaciones:  45%|████▌     | 225/500 [05:14<06:19,  1.38s/it]
Simulaciones:  45%|████▌     | 226/500 [05:16<06:34,  1.44s/it]
Simulaciones:  45%|████▌     | 227/500 [05:17<06:41,  1.47s/it]
Simulaciones:  46%|████▌     | 228/500 [05:19<06:43,  1.48s/it]
Simulaciones:  46%|████▌     | 229/500 [05:20<06:31,  1.44s/it]
Simulaciones:  46%|████▌     | 230/500 [05:22<06:31,  1.45s/it]
Simulaciones:  46%|████▌     | 231/500 [05:23<06:33,  1.46s/it]
Simulaciones:  46%|████▋     | 232/500 [05:25<06:24,  1.43s/it]
Simulaciones:  47%|████▋     | 233/500 [05:26<06:11,  1.39s/it]
Simulaciones:  47%|████▋     | 234/500 [05:27<06:04,  1.37s/it]
Simulaciones:  47%|████▋     | 235/500 [05:29<06:11,  1.40s/it]
Simulaciones:  47%|████▋     | 236/500 [05:30<06:13,  1.42s/it]
Simulaciones:  47%|████▋     | 237/500 [05:31<06:02,  1.38s/it]
Simulaciones:  48%|████▊     | 238/500 [05:33<06:13,  1.43s/it]
Simulaciones:  48%|████▊     | 239/500 [05:34<06:14,  1.44s/it]
Simulaciones:  48%|████▊     | 240/500 [05:36<06:17,  1.45s/it]
Simulaciones:  48%|████▊     | 241/500 [05:37<06:08,  1.42s/it]
Simulaciones:  48%|████▊     | 242/500 [05:38<05:54,  1.37s/it]
Simulaciones:  49%|████▊     | 243/500 [05:40<05:46,  1.35s/it]
Simulaciones:  49%|████▉     | 244/500 [05:41<05:37,  1.32s/it]
Simulaciones:  49%|████▉     | 245/500 [05:42<05:44,  1.35s/it]
Simulaciones:  49%|████▉     | 246/500 [05:44<05:46,  1.36s/it]
Simulaciones:  49%|████▉     | 247/500 [05:45<05:52,  1.39s/it]
Simulaciones:  50%|████▉     | 248/500 [05:47<05:46,  1.38s/it]
Simulaciones:  50%|████▉     | 249/500 [05:48<05:41,  1.36s/it]
Simulaciones:  50%|█████     | 250/500 [05:49<05:45,  1.38s/it]
Simulaciones:  50%|█████     | 251/500 [05:51<05:42,  1.37s/it]
Simulaciones:  50%|█████     | 252/500 [05:52<05:52,  1.42s/it]
Simulaciones:  51%|█████     | 253/500 [05:54<05:54,  1.43s/it]
Simulaciones:  51%|█████     | 254/500 [05:55<05:55,  1.44s/it]
Simulaciones:  51%|█████     | 255/500 [05:56<05:37,  1.38s/it]
Simulaciones:  51%|█████     | 256/500 [05:58<05:34,  1.37s/it]
Simulaciones:  51%|█████▏    | 257/500 [05:59<05:25,  1.34s/it]
Simulaciones:  52%|█████▏    | 258/500 [06:00<05:16,  1.31s/it]
Simulaciones:  52%|█████▏    | 259/500 [06:02<05:09,  1.28s/it]
Simulaciones:  52%|█████▏    | 260/500 [06:03<05:03,  1.26s/it]
Simulaciones:  52%|█████▏    | 261/500 [06:04<05:00,  1.26s/it]
Simulaciones:  52%|█████▏    | 262/500 [06:05<04:57,  1.25s/it]
Simulaciones:  53%|█████▎    | 263/500 [06:07<05:03,  1.28s/it]
Simulaciones:  53%|█████▎    | 264/500 [06:08<04:58,  1.26s/it]
Simulaciones:  53%|█████▎    | 265/500 [06:09<04:53,  1.25s/it]
Simulaciones:  53%|█████▎    | 266/500 [06:10<04:49,  1.24s/it]
Simulaciones:  53%|█████▎    | 267/500 [06:11<04:46,  1.23s/it]
Simulaciones:  54%|█████▎    | 268/500 [06:13<04:44,  1.22s/it]
Simulaciones:  54%|█████▍    | 269/500 [06:14<04:51,  1.26s/it]
Simulaciones:  54%|█████▍    | 270/500 [06:15<04:48,  1.25s/it]
Simulaciones:  54%|█████▍    | 271/500 [06:16<04:47,  1.25s/it]
Simulaciones:  54%|█████▍    | 272/500 [06:18<04:49,  1.27s/it]
Simulaciones:  55%|█████▍    | 273/500 [06:19<05:04,  1.34s/it]
Simulaciones:  55%|█████▍    | 274/500 [06:21<05:08,  1.37s/it]
Simulaciones:  55%|█████▌    | 275/500 [06:22<05:13,  1.39s/it]
Simulaciones:  55%|█████▌    | 276/500 [06:23<05:02,  1.35s/it]
Simulaciones:  55%|█████▌    | 277/500 [06:25<05:06,  1.37s/it]
Simulaciones:  56%|█████▌    | 278/500 [06:26<05:01,  1.36s/it]
Simulaciones:  56%|█████▌    | 279/500 [06:27<04:55,  1.34s/it]
Simulaciones:  56%|█████▌    | 280/500 [06:29<04:49,  1.32s/it]
Simulaciones:  56%|█████▌    | 281/500 [06:30<04:45,  1.30s/it]
Simulaciones:  56%|█████▋    | 282/500 [06:31<04:53,  1.35s/it]
Simulaciones:  57%|█████▋    | 283/500 [06:33<04:47,  1.32s/it]
Simulaciones:  57%|█████▋    | 284/500 [06:34<04:38,  1.29s/it]
Simulaciones:  57%|█████▋    | 285/500 [06:35<04:35,  1.28s/it]
Simulaciones:  57%|█████▋    | 286/500 [06:36<04:36,  1.29s/it]
Simulaciones:  57%|█████▋    | 287/500 [06:38<04:41,  1.32s/it]
Simulaciones:  58%|█████▊    | 288/500 [06:39<04:36,  1.31s/it]
Simulaciones:  58%|█████▊    | 289/500 [06:40<04:30,  1.28s/it]
Simulaciones:  58%|█████▊    | 290/500 [06:42<04:28,  1.28s/it]
Simulaciones:  58%|█████▊    | 291/500 [06:43<04:27,  1.28s/it]
Simulaciones:  58%|█████▊    | 292/500 [06:44<04:26,  1.28s/it]
Simulaciones:  59%|█████▊    | 293/500 [06:46<04:35,  1.33s/it]
Simulaciones:  59%|█████▉    | 294/500 [06:47<04:37,  1.35s/it]
Simulaciones:  59%|█████▉    | 295/500 [06:48<04:39,  1.36s/it]
Simulaciones:  59%|█████▉    | 296/500 [06:50<04:29,  1.32s/it]
Simulaciones:  59%|█████▉    | 297/500 [06:51<04:24,  1.30s/it]
Simulaciones:  60%|█████▉    | 298/500 [06:52<04:19,  1.28s/it]
Simulaciones:  60%|█████▉    | 299/500 [06:54<04:22,  1.31s/it]
Simulaciones:  60%|██████    | 300/500 [06:55<04:16,  1.28s/it]
Simulaciones:  60%|██████    | 301/500 [06:56<04:12,  1.27s/it]
Simulaciones:  60%|██████    | 302/500 [06:57<04:11,  1.27s/it]
Simulaciones:  61%|██████    | 303/500 [06:59<04:18,  1.31s/it]
Simulaciones:  61%|██████    | 304/500 [07:00<04:20,  1.33s/it]
Simulaciones:  61%|██████    | 305/500 [07:01<04:13,  1.30s/it]
Simulaciones:  61%|██████    | 306/500 [07:03<04:10,  1.29s/it]
Simulaciones:  61%|██████▏   | 307/500 [07:04<04:04,  1.27s/it]
Simulaciones:  62%|██████▏   | 308/500 [07:05<04:07,  1.29s/it]
Simulaciones:  62%|██████▏   | 309/500 [07:07<04:17,  1.35s/it]
Simulaciones:  62%|██████▏   | 310/500 [07:08<04:11,  1.33s/it]
Simulaciones:  62%|██████▏   | 311/500 [07:09<04:10,  1.33s/it]
Simulaciones:  62%|██████▏   | 312/500 [07:10<04:07,  1.32s/it]
Simulaciones:  63%|██████▎   | 313/500 [07:12<04:17,  1.38s/it]
Simulaciones:  63%|██████▎   | 314/500 [07:13<04:15,  1.37s/it]
Simulaciones:  63%|██████▎   | 315/500 [07:15<04:10,  1.35s/it]
Simulaciones:  63%|██████▎   | 316/500 [07:16<04:05,  1.33s/it]
Simulaciones:  63%|██████▎   | 317/500 [07:17<04:11,  1.37s/it]
Simulaciones:  64%|██████▎   | 318/500 [07:19<04:06,  1.35s/it]
Simulaciones:  64%|██████▍   | 319/500 [07:20<04:01,  1.34s/it]
Simulaciones:  64%|██████▍   | 320/500 [07:21<04:00,  1.34s/it]
Simulaciones:  64%|██████▍   | 321/500 [07:23<04:06,  1.38s/it]
Simulaciones:  64%|██████▍   | 322/500 [07:24<04:05,  1.38s/it]
Simulaciones:  65%|██████▍   | 323/500 [07:26<04:01,  1.37s/it]
Simulaciones:  65%|██████▍   | 324/500 [07:27<03:58,  1.36s/it]
Simulaciones:  65%|██████▌   | 325/500 [07:28<03:51,  1.32s/it]
Simulaciones:  65%|██████▌   | 326/500 [07:29<03:44,  1.29s/it]
Simulaciones:  65%|██████▌   | 327/500 [07:31<03:48,  1.32s/it]
Simulaciones:  66%|██████▌   | 328/500 [07:32<03:43,  1.30s/it]
Simulaciones:  66%|██████▌   | 329/500 [07:33<03:39,  1.28s/it]
Simulaciones:  66%|██████▌   | 330/500 [07:34<03:37,  1.28s/it]
Simulaciones:  66%|██████▌   | 331/500 [07:36<03:36,  1.28s/it]
Simulaciones:  66%|██████▋   | 332/500 [07:37<03:41,  1.32s/it]
Simulaciones:  67%|██████▋   | 333/500 [07:39<03:51,  1.39s/it]
Simulaciones:  67%|██████▋   | 334/500 [07:40<03:58,  1.43s/it]
Simulaciones:  67%|██████▋   | 335/500 [07:42<03:53,  1.42s/it]
Simulaciones:  67%|██████▋   | 336/500 [07:43<03:44,  1.37s/it]
Simulaciones:  67%|██████▋   | 337/500 [07:44<03:35,  1.32s/it]
Simulaciones:  68%|██████▊   | 338/500 [07:45<03:34,  1.32s/it]
Simulaciones:  68%|██████▊   | 339/500 [07:47<03:33,  1.32s/it]
Simulaciones:  68%|██████▊   | 340/500 [07:48<03:32,  1.33s/it]
Simulaciones:  68%|██████▊   | 341/500 [07:50<03:36,  1.36s/it]
Simulaciones:  68%|██████▊   | 342/500 [07:51<03:40,  1.40s/it]
Simulaciones:  69%|██████▊   | 343/500 [07:53<03:48,  1.46s/it]
Simulaciones:  69%|██████▉   | 344/500 [07:54<03:49,  1.47s/it]
Simulaciones:  69%|██████▉   | 345/500 [07:56<03:47,  1.47s/it]
Simulaciones:  69%|██████▉   | 346/500 [07:57<03:37,  1.41s/it]
Simulaciones:  69%|██████▉   | 347/500 [07:58<03:35,  1.41s/it]
Simulaciones:  70%|██████▉   | 348/500 [08:00<03:30,  1.39s/it]
Simulaciones:  70%|██████▉   | 349/500 [08:01<03:22,  1.34s/it]
Simulaciones:  70%|███████   | 350/500 [08:02<03:16,  1.31s/it]
Simulaciones:  70%|███████   | 351/500 [08:03<03:11,  1.28s/it]
Simulaciones:  70%|███████   | 352/500 [08:05<03:15,  1.32s/it]
Simulaciones:  71%|███████   | 353/500 [08:06<03:12,  1.31s/it]
Simulaciones:  71%|███████   | 354/500 [08:07<03:07,  1.29s/it]
Simulaciones:  71%|███████   | 355/500 [08:08<03:05,  1.28s/it]
Simulaciones:  71%|███████   | 356/500 [08:10<03:04,  1.28s/it]
Simulaciones:  71%|███████▏  | 357/500 [08:11<03:08,  1.31s/it]
Simulaciones:  72%|███████▏  | 358/500 [08:12<03:02,  1.28s/it]
Simulaciones:  72%|███████▏  | 359/500 [08:14<02:59,  1.27s/it]
Simulaciones:  72%|███████▏  | 360/500 [08:15<02:55,  1.26s/it]
Simulaciones:  72%|███████▏  | 361/500 [08:16<02:56,  1.27s/it]
Simulaciones:  72%|███████▏  | 362/500 [08:18<02:59,  1.30s/it]
Simulaciones:  73%|███████▎  | 363/500 [08:19<02:58,  1.31s/it]
Simulaciones:  73%|███████▎  | 364/500 [08:20<02:55,  1.29s/it]
Simulaciones:  73%|███████▎  | 365/500 [08:21<02:53,  1.29s/it]
Simulaciones:  73%|███████▎  | 366/500 [08:23<02:57,  1.33s/it]
Simulaciones:  73%|███████▎  | 367/500 [08:24<02:53,  1.31s/it]
Simulaciones:  74%|███████▎  | 368/500 [08:25<02:49,  1.28s/it]
Simulaciones:  74%|███████▍  | 369/500 [08:27<02:46,  1.27s/it]
Simulaciones:  74%|███████▍  | 370/500 [08:28<02:48,  1.30s/it]
Simulaciones:  74%|███████▍  | 371/500 [08:29<02:57,  1.37s/it]
Simulaciones:  74%|███████▍  | 372/500 [08:31<02:58,  1.39s/it]
Simulaciones:  75%|███████▍  | 373/500 [08:32<03:01,  1.43s/it]
Simulaciones:  75%|███████▍  | 374/500 [08:34<03:06,  1.48s/it]
Simulaciones:  75%|███████▌  | 375/500 [08:35<03:04,  1.48s/it]
Simulaciones:  75%|███████▌  | 376/500 [08:37<02:55,  1.41s/it]
Simulaciones:  75%|███████▌  | 377/500 [08:38<02:46,  1.35s/it]
Simulaciones:  76%|███████▌  | 378/500 [08:39<02:47,  1.37s/it]
Simulaciones:  76%|███████▌  | 379/500 [08:41<02:43,  1.35s/it]
Simulaciones:  76%|███████▌  | 380/500 [08:42<02:38,  1.32s/it]
Simulaciones:  76%|███████▌  | 381/500 [08:43<02:33,  1.29s/it]
Simulaciones:  76%|███████▋  | 382/500 [08:44<02:31,  1.29s/it]
Simulaciones:  77%|███████▋  | 383/500 [08:46<02:34,  1.32s/it]
Simulaciones:  77%|███████▋  | 384/500 [08:47<02:31,  1.31s/it]
Simulaciones:  77%|███████▋  | 385/500 [08:48<02:29,  1.30s/it]
Simulaciones:  77%|███████▋  | 386/500 [08:50<02:31,  1.33s/it]
Simulaciones:  77%|███████▋  | 387/500 [08:51<02:36,  1.39s/it]
Simulaciones:  78%|███████▊  | 388/500 [08:53<02:37,  1.40s/it]
Simulaciones:  78%|███████▊  | 389/500 [08:54<02:41,  1.45s/it]
Simulaciones:  78%|███████▊  | 390/500 [08:56<02:41,  1.47s/it]
Simulaciones:  78%|███████▊  | 391/500 [08:57<02:36,  1.43s/it]
Simulaciones:  78%|███████▊  | 392/500 [08:58<02:28,  1.38s/it]
Simulaciones:  79%|███████▊  | 393/500 [09:00<02:26,  1.37s/it]
Simulaciones:  79%|███████▉  | 394/500 [09:01<02:19,  1.32s/it]
Simulaciones:  79%|███████▉  | 395/500 [09:02<02:15,  1.29s/it]
Simulaciones:  79%|███████▉  | 396/500 [09:03<02:11,  1.26s/it]
Simulaciones:  79%|███████▉  | 397/500 [09:05<02:08,  1.25s/it]
Simulaciones:  80%|███████▉  | 398/500 [09:06<02:05,  1.23s/it]
Simulaciones:  80%|███████▉  | 399/500 [09:07<02:06,  1.25s/it]
Simulaciones:  80%|████████  | 400/500 [09:08<02:08,  1.29s/it]
Simulaciones:  80%|████████  | 401/500 [09:10<02:05,  1.27s/it]
Simulaciones:  80%|████████  | 402/500 [09:11<02:04,  1.27s/it]
Simulaciones:  81%|████████  | 403/500 [09:12<02:01,  1.25s/it]
Simulaciones:  81%|████████  | 404/500 [09:14<02:04,  1.29s/it]
Simulaciones:  81%|████████  | 405/500 [09:15<02:02,  1.29s/it]
Simulaciones:  81%|████████  | 406/500 [09:16<01:59,  1.27s/it]
Simulaciones:  81%|████████▏ | 407/500 [09:17<01:57,  1.26s/it]
Simulaciones:  82%|████████▏ | 408/500 [09:19<01:55,  1.25s/it]
Simulaciones:  82%|████████▏ | 409/500 [09:20<01:58,  1.30s/it]
Simulaciones:  82%|████████▏ | 410/500 [09:21<01:56,  1.30s/it]
Simulaciones:  82%|████████▏ | 411/500 [09:22<01:54,  1.29s/it]
Simulaciones:  82%|████████▏ | 412/500 [09:24<01:57,  1.34s/it]
Simulaciones:  83%|████████▎ | 413/500 [09:26<02:04,  1.43s/it]
Simulaciones:  83%|████████▎ | 414/500 [09:27<02:00,  1.40s/it]
Simulaciones:  83%|████████▎ | 415/500 [09:28<01:56,  1.36s/it]
Simulaciones:  83%|████████▎ | 416/500 [09:29<01:52,  1.34s/it]
Simulaciones:  83%|████████▎ | 417/500 [09:31<01:52,  1.35s/it]
Simulaciones:  84%|████████▎ | 418/500 [09:32<01:51,  1.36s/it]
Simulaciones:  84%|████████▍ | 419/500 [09:34<01:52,  1.38s/it]
Simulaciones:  84%|████████▍ | 420/500 [09:35<01:50,  1.38s/it]
Simulaciones:  84%|████████▍ | 421/500 [09:36<01:50,  1.40s/it]
Simulaciones:  84%|████████▍ | 422/500 [09:38<01:48,  1.40s/it]
Simulaciones:  85%|████████▍ | 423/500 [09:39<01:45,  1.37s/it]
Simulaciones:  85%|████████▍ | 424/500 [09:40<01:42,  1.35s/it]
Simulaciones:  85%|████████▌ | 425/500 [09:42<01:46,  1.42s/it]
Simulaciones:  85%|████████▌ | 426/500 [09:44<01:48,  1.46s/it]
Simulaciones:  85%|████████▌ | 427/500 [09:45<01:50,  1.52s/it]
Simulaciones:  86%|████████▌ | 428/500 [09:47<01:49,  1.51s/it]
Simulaciones:  86%|████████▌ | 429/500 [09:48<01:49,  1.54s/it]
Simulaciones:  86%|████████▌ | 430/500 [09:50<01:44,  1.50s/it]
Simulaciones:  86%|████████▌ | 431/500 [09:51<01:39,  1.44s/it]
Simulaciones:  86%|████████▋ | 432/500 [09:52<01:34,  1.38s/it]
Simulaciones:  87%|████████▋ | 433/500 [09:54<01:35,  1.42s/it]
Simulaciones:  87%|████████▋ | 434/500 [09:55<01:33,  1.41s/it]
Simulaciones:  87%|████████▋ | 435/500 [09:57<01:31,  1.41s/it]
Simulaciones:  87%|████████▋ | 436/500 [09:58<01:28,  1.38s/it]
Simulaciones:  87%|████████▋ | 437/500 [09:59<01:28,  1.41s/it]
Simulaciones:  88%|████████▊ | 438/500 [10:01<01:24,  1.37s/it]
Simulaciones:  88%|████████▊ | 439/500 [10:02<01:21,  1.34s/it]
Simulaciones:  88%|████████▊ | 440/500 [10:03<01:22,  1.37s/it]
Simulaciones:  88%|████████▊ | 441/500 [10:05<01:23,  1.42s/it]
Simulaciones:  88%|████████▊ | 442/500 [10:06<01:24,  1.45s/it]
Simulaciones:  89%|████████▊ | 443/500 [10:08<01:21,  1.43s/it]
Simulaciones:  89%|████████▉ | 444/500 [10:09<01:16,  1.37s/it]
Simulaciones:  89%|████████▉ | 445/500 [10:10<01:13,  1.34s/it]
Simulaciones:  89%|████████▉ | 446/500 [10:12<01:12,  1.35s/it]
Simulaciones:  89%|████████▉ | 447/500 [10:13<01:11,  1.34s/it]
Simulaciones:  90%|████████▉ | 448/500 [10:14<01:11,  1.37s/it]
Simulaciones:  90%|████████▉ | 449/500 [10:16<01:09,  1.37s/it]
Simulaciones:  90%|█████████ | 450/500 [10:17<01:09,  1.40s/it]
Simulaciones:  90%|█████████ | 451/500 [10:19<01:07,  1.39s/it]
Simulaciones:  90%|█████████ | 452/500 [10:20<01:06,  1.38s/it]
Simulaciones:  91%|█████████ | 453/500 [10:21<01:04,  1.37s/it]
Simulaciones:  91%|█████████ | 454/500 [10:23<01:03,  1.39s/it]
Simulaciones:  91%|█████████ | 455/500 [10:24<01:02,  1.38s/it]
Simulaciones:  91%|█████████ | 456/500 [10:25<00:58,  1.34s/it]
Simulaciones:  91%|█████████▏| 457/500 [10:27<00:56,  1.32s/it]
Simulaciones:  92%|█████████▏| 458/500 [10:28<00:54,  1.30s/it]
Simulaciones:  92%|█████████▏| 459/500 [10:29<00:53,  1.32s/it]
Simulaciones:  92%|█████████▏| 460/500 [10:30<00:51,  1.28s/it]
Simulaciones:  92%|█████████▏| 461/500 [10:32<00:49,  1.27s/it]
Simulaciones:  92%|█████████▏| 462/500 [10:33<00:49,  1.29s/it]
Simulaciones:  93%|█████████▎| 463/500 [10:34<00:47,  1.27s/it]
Simulaciones:  93%|█████████▎| 464/500 [10:36<00:45,  1.27s/it]
Simulaciones:  93%|█████████▎| 465/500 [10:37<00:43,  1.25s/it]
Simulaciones:  93%|█████████▎| 466/500 [10:38<00:44,  1.30s/it]
Simulaciones:  93%|█████████▎| 467/500 [10:40<00:42,  1.30s/it]
Simulaciones:  94%|█████████▎| 468/500 [10:41<00:40,  1.28s/it]
Simulaciones:  94%|█████████▍| 469/500 [10:42<00:39,  1.27s/it]
Simulaciones:  94%|█████████▍| 470/500 [10:43<00:38,  1.27s/it]
Simulaciones:  94%|█████████▍| 471/500 [10:45<00:38,  1.31s/it]
Simulaciones:  94%|█████████▍| 472/500 [10:46<00:36,  1.30s/it]
Simulaciones:  95%|█████████▍| 473/500 [10:48<00:37,  1.40s/it]
Simulaciones:  95%|█████████▍| 474/500 [10:49<00:36,  1.40s/it]
Simulaciones:  95%|█████████▌| 475/500 [10:50<00:34,  1.39s/it]
Simulaciones:  95%|█████████▌| 476/500 [10:52<00:33,  1.39s/it]
Simulaciones:  95%|█████████▌| 477/500 [10:53<00:31,  1.36s/it]
Simulaciones:  96%|█████████▌| 478/500 [10:54<00:30,  1.36s/it]
Simulaciones:  96%|█████████▌| 479/500 [10:56<00:28,  1.37s/it]
Simulaciones:  96%|█████████▌| 480/500 [10:57<00:27,  1.36s/it]
Simulaciones:  96%|█████████▌| 481/500 [10:58<00:25,  1.32s/it]
Simulaciones:  96%|█████████▋| 482/500 [11:00<00:24,  1.34s/it]
Simulaciones:  97%|█████████▋| 483/500 [11:01<00:23,  1.40s/it]
Simulaciones:  97%|█████████▋| 484/500 [11:03<00:22,  1.43s/it]
Simulaciones:  97%|█████████▋| 485/500 [11:04<00:21,  1.43s/it]
Simulaciones:  97%|█████████▋| 486/500 [11:06<00:20,  1.45s/it]
Simulaciones:  97%|█████████▋| 487/500 [11:07<00:18,  1.41s/it]
Simulaciones:  98%|█████████▊| 488/500 [11:08<00:16,  1.40s/it]
Simulaciones:  98%|█████████▊| 489/500 [11:10<00:15,  1.41s/it]
Simulaciones:  98%|█████████▊| 490/500 [11:11<00:14,  1.43s/it]
Simulaciones:  98%|█████████▊| 491/500 [11:13<00:12,  1.44s/it]
Simulaciones:  98%|█████████▊| 492/500 [11:14<00:11,  1.44s/it]
Simulaciones:  99%|█████████▊| 493/500 [11:16<00:09,  1.41s/it]
Simulaciones:  99%|█████████▉| 494/500 [11:17<00:08,  1.43s/it]
Simulaciones:  99%|█████████▉| 495/500 [11:18<00:07,  1.42s/it]
Simulaciones:  99%|█████████▉| 496/500 [11:20<00:05,  1.37s/it]
Simulaciones:  99%|█████████▉| 497/500 [11:21<00:04,  1.34s/it]
Simulaciones: 100%|█████████▉| 498/500 [11:22<00:02,  1.35s/it]
Simulaciones: 100%|█████████▉| 499/500 [11:24<00:01,  1.37s/it]
Simulaciones: 100%|██████████| 500/500 [11:25<00:00,  1.35s/it]
Simulaciones: 100%|██████████| 500/500 [11:25<00:00,  1.37s/it]

[¡OK! Paso S: Jittering (J=5.0, P=10000)]
--- Pipeline Sensibilidad (J=5.0, P=10000) ¡COMPLETADO! ---
=====================================================
   INICIANDO PIPELINE SENSIBILIDAD (J=5.0%, P=7919)   
=====================================================

[... Paso S: Jittering (J=5.0, P=7919) ...]
python3 /Users/cagostino/Documents/GitHub/doft-study01-superconductors/src/doftstudy/run_sensitivity.py -i /Users/cagostino/Documents/GitHub/doft-study01-superconductors/data/raw/materials_clusters_real_v6.csv -n 500 -j 5.0 --prime_max_val 7919 --output_dir /Users/cagostino/Documents/GitHub/doft-study01-superconductors/data/processed/run2/sensitivity
